

Started GET "/" for 127.0.0.1 at Fri May 20 22:53:06 +0200 2011
  Processing by PagesController#main as HTML
Rendered pages/main.html.erb within layouts/application (31.9ms)
Completed 200 OK in 44ms (Views: 43.1ms | ActiveRecord: 0.0ms)


Started GET "/jquery-1.4.2.js" for 127.0.0.1 at Fri May 20 22:53:07 +0200 2011

ActionController::RoutingError (No route matches "/jquery-1.4.2.js"):
  

Rendered /usr/lib/ruby/gems/1.8/gems/actionpack-3.0.7/lib/action_dispatch/middleware/templates/rescues/routing_error.erb within rescues/layout (0.9ms)


Started GET "/button.png" for 127.0.0.1 at Fri May 20 22:53:07 +0200 2011

ActionController::RoutingError (No route matches "/button.png"):
  

Rendered /usr/lib/ruby/gems/1.8/gems/actionpack-3.0.7/lib/action_dispatch/middleware/templates/rescues/routing_error.erb within rescues/layout (1.3ms)


Started GET "/register" for 127.0.0.1 at Fri May 20 22:53:10 +0200 2011
  Processing by PagesController#register as HTML
Rendered pages/register.html.erb within layouts/application (4.2ms)
Completed 200 OK in 10ms (Views: 9.1ms | ActiveRecord: 0.0ms)


Started GET "/jquery-1.4.2.js" for 127.0.0.1 at Fri May 20 22:53:11 +0200 2011

ActionController::RoutingError (No route matches "/jquery-1.4.2.js"):
  

Rendered /usr/lib/ruby/gems/1.8/gems/actionpack-3.0.7/lib/action_dispatch/middleware/templates/rescues/routing_error.erb within rescues/layout (4.6ms)


Started GET "/" for 127.0.0.1 at Fri May 20 22:58:51 +0200 2011
  Processing by PagesController#main as HTML
Rendered pages/main.html.erb within layouts/application (6.8ms)
Completed 200 OK in 12ms (Views: 11.8ms | ActiveRecord: 0.0ms)


Started GET "/jquery-1.4.2.js" for 127.0.0.1 at Fri May 20 22:58:52 +0200 2011

ActionController::RoutingError (No route matches "/jquery-1.4.2.js"):
  

Rendered /usr/lib/ruby/gems/1.8/gems/actionpack-3.0.7/lib/action_dispatch/middleware/templates/rescues/routing_error.erb within rescues/layout (3.9ms)


Started GET "/button.png" for 127.0.0.1 at Fri May 20 22:58:52 +0200 2011

ActionController::RoutingError (No route matches "/button.png"):
  

Rendered /usr/lib/ruby/gems/1.8/gems/actionpack-3.0.7/lib/action_dispatch/middleware/templates/rescues/routing_error.erb within rescues/layout (1.0ms)


Started GET "/filedisplay" for 127.0.0.1 at Fri May 20 22:58:54 +0200 2011
  Processing by PagesController#filedisplay as HTML
Rendered pages/filedisplay.html.erb within layouts/application (6.2ms)
Completed 200 OK in 13ms (Views: 12.6ms | ActiveRecord: 0.0ms)


Started GET "/jquery-1.4.2.js" for 127.0.0.1 at Fri May 20 22:58:54 +0200 2011

ActionController::RoutingError (No route matches "/jquery-1.4.2.js"):
  

Rendered /usr/lib/ruby/gems/1.8/gems/actionpack-3.0.7/lib/action_dispatch/middleware/templates/rescues/routing_error.erb within rescues/layout (0.9ms)


Started GET "/" for 127.0.0.1 at Fri May 20 22:59:15 +0200 2011
  Processing by PagesController#main as HTML
Rendered pages/main.html.erb within layouts/application (4.8ms)
Completed 200 OK in 10ms (Views: 9.7ms | ActiveRecord: 0.0ms)


Started GET "/" for 127.0.0.1 at Fri May 20 22:59:26 +0200 2011
  Processing by PagesController#main as HTML
Rendered pages/main.html.erb within layouts/application (4.7ms)
Completed 200 OK in 59ms (Views: 59.1ms | ActiveRecord: 0.0ms)


Started GET "/jquery-1.4.2.js" for 127.0.0.1 at Fri May 20 22:59:26 +0200 2011

ActionController::RoutingError (No route matches "/jquery-1.4.2.js"):
  

Rendered /usr/lib/ruby/gems/1.8/gems/actionpack-3.0.7/lib/action_dispatch/middleware/templates/rescues/routing_error.erb within rescues/layout (0.9ms)


Started GET "/button.png" for 127.0.0.1 at Fri May 20 22:59:26 +0200 2011

ActionController::RoutingError (No route matches "/button.png"):
  

Rendered /usr/lib/ruby/gems/1.8/gems/actionpack-3.0.7/lib/action_dispatch/middleware/templates/rescues/routing_error.erb within rescues/layout (1.0ms)


Started GET "/" for 127.0.0.1 at Fri May 20 22:59:33 +0200 2011
  Processing by PagesController#main as HTML
Rendered pages/main.html.erb within layouts/application (5.8ms)
Completed 200 OK in 13ms (Views: 12.5ms | ActiveRecord: 0.0ms)


Started GET "/jquery-1.4.2.js" for 127.0.0.1 at Fri May 20 22:59:33 +0200 2011

ActionController::RoutingError (No route matches "/jquery-1.4.2.js"):
  

Rendered /usr/lib/ruby/gems/1.8/gems/actionpack-3.0.7/lib/action_dispatch/middleware/templates/rescues/routing_error.erb within rescues/layout (2.7ms)


Started GET "/button.png" for 127.0.0.1 at Fri May 20 22:59:33 +0200 2011

ActionController::RoutingError (No route matches "/button.png"):
  

Rendered /usr/lib/ruby/gems/1.8/gems/actionpack-3.0.7/lib/action_dispatch/middleware/templates/rescues/routing_error.erb within rescues/layout (1.4ms)


Started GET "/filedisplay" for 127.0.0.1 at Fri May 20 22:59:34 +0200 2011
  Processing by PagesController#filedisplay as HTML
Rendered pages/filedisplay.html.erb within layouts/application (4.8ms)
Completed 200 OK in 13ms (Views: 12.0ms | ActiveRecord: 0.0ms)


Started GET "/jquery-1.4.2.js" for 127.0.0.1 at Fri May 20 22:59:34 +0200 2011

ActionController::RoutingError (No route matches "/jquery-1.4.2.js"):
  

Rendered /usr/lib/ruby/gems/1.8/gems/actionpack-3.0.7/lib/action_dispatch/middleware/templates/rescues/routing_error.erb within rescues/layout (0.9ms)


Started GET "/" for 127.0.0.1 at Fri May 20 22:59:46 +0200 2011
  Processing by PagesController#main as HTML
Rendered pages/main.html.erb within layouts/application (4.6ms)
Completed 200 OK in 14ms (Views: 13.7ms | ActiveRecord: 0.0ms)
  [1m[36mSQL (0.4ms)[0m  [1m SELECT name
 FROM sqlite_master
 WHERE type = 'table' AND NOT name = 'sqlite_sequence'
[0m
  [1m[35mSQL (0.1ms)[0m  select sqlite_version(*)
  [1m[36mSQL (157.6ms)[0m  [1mCREATE TABLE "schema_migrations" ("version" varchar(255) NOT NULL) [0m
  [1m[35mSQL (0.1ms)[0m  PRAGMA index_list("schema_migrations")
  [1m[36mSQL (144.5ms)[0m  [1mCREATE UNIQUE INDEX "unique_schema_migrations" ON "schema_migrations" ("version")[0m
  [1m[35mSQL (0.2ms)[0m   SELECT name
 FROM sqlite_master
 WHERE type = 'table' AND NOT name = 'sqlite_sequence'
  [1m[36mSQL (0.1ms)[0m  [1m SELECT name
 FROM sqlite_master
 WHERE type = 'table' AND NOT name = 'sqlite_sequence'
[0m
  [1m[35mSQL (0.1ms)[0m  SELECT "schema_migrations"."version" FROM "schema_migrations"
Migrating to AddImageToFiles (20110520212337)
  [1m[36mSQL (0.1ms)[0m  [1mALTER TABLE "files" ADD "image" varchar(255)[0m
SQLite3::SQLException: no such table: files: ALTER TABLE "files" ADD "image" varchar(255)
  [1m[36mSQL (0.4ms)[0m  [1m SELECT name
 FROM sqlite_master
 WHERE type = 'table' AND NOT name = 'sqlite_sequence'
[0m
  [1m[35mSQL (0.1ms)[0m   SELECT name
 FROM sqlite_master
 WHERE type = 'table' AND NOT name = 'sqlite_sequence'
  [1m[36mSQL (0.1ms)[0m  [1mSELECT "schema_migrations"."version" FROM "schema_migrations"[0m
Migrating to AddImageToFiles (20110520212337)
  [1m[35mSQL (0.1ms)[0m  select sqlite_version(*)
  [1m[36mSQL (0.1ms)[0m  [1mALTER TABLE "files" ADD "image" varchar(255)[0m
SQLite3::SQLException: no such table: files: ALTER TABLE "files" ADD "image" varchar(255)
  [1m[36mSQL (0.4ms)[0m  [1m SELECT name
 FROM sqlite_master
 WHERE type = 'table' AND NOT name = 'sqlite_sequence'
[0m
  [1m[35mSQL (0.1ms)[0m   SELECT name
 FROM sqlite_master
 WHERE type = 'table' AND NOT name = 'sqlite_sequence'
  [1m[36mSQL (0.1ms)[0m  [1mSELECT "schema_migrations"."version" FROM "schema_migrations"[0m
Migrating to AddImageToFiles (20110520212337)
  [1m[35mSQL (0.1ms)[0m  select sqlite_version(*)
  [1m[36mSQL (0.1ms)[0m  [1mALTER TABLE "files" ADD "image" varchar(255)[0m
SQLite3::SQLException: no such table: files: ALTER TABLE "files" ADD "image" varchar(255)
  [1m[36mSQL (0.4ms)[0m  [1m SELECT name
 FROM sqlite_master
 WHERE type = 'table' AND NOT name = 'sqlite_sequence'
[0m
  [1m[35mSQL (0.1ms)[0m   SELECT name
 FROM sqlite_master
 WHERE type = 'table' AND NOT name = 'sqlite_sequence'
  [1m[36mSQL (0.1ms)[0m  [1mSELECT "schema_migrations"."version" FROM "schema_migrations"[0m
  [1m[36mSQL (0.4ms)[0m  [1m SELECT name
 FROM sqlite_master
 WHERE type = 'table' AND NOT name = 'sqlite_sequence'
[0m
  [1m[35mSQL (0.1ms)[0m   SELECT name
 FROM sqlite_master
 WHERE type = 'table' AND NOT name = 'sqlite_sequence'
  [1m[36mSQL (0.1ms)[0m  [1mSELECT "schema_migrations"."version" FROM "schema_migrations"[0m
Migrating to AddImageToFiles (20110520212337)
  [1m[35mSQL (0.1ms)[0m  select sqlite_version(*)
  [1m[36mSQL (0.1ms)[0m  [1mALTER TABLE "files" ADD "image" varchar(255)[0m
SQLite3::SQLException: no such table: files: ALTER TABLE "files" ADD "image" varchar(255)
  [1m[36mSQL (0.4ms)[0m  [1m SELECT name
 FROM sqlite_master
 WHERE type = 'table' AND NOT name = 'sqlite_sequence'
[0m
  [1m[35mSQL (0.1ms)[0m   SELECT name
 FROM sqlite_master
 WHERE type = 'table' AND NOT name = 'sqlite_sequence'
  [1m[36mSQL (0.1ms)[0m  [1mSELECT "schema_migrations"."version" FROM "schema_migrations"[0m
Migrating to AddImageToFiles (20110520212337)
  [1m[35mSQL (0.1ms)[0m  select sqlite_version(*)
  [1m[36mSQL (0.1ms)[0m  [1mALTER TABLE "files" ADD "image" varchar(255)[0m
SQLite3::SQLException: no such table: files: ALTER TABLE "files" ADD "image" varchar(255)
  [1m[36mSQL (0.5ms)[0m  [1m SELECT name
 FROM sqlite_master
 WHERE type = 'table' AND NOT name = 'sqlite_sequence'
[0m
  [1m[35mSQL (0.1ms)[0m   SELECT name
 FROM sqlite_master
 WHERE type = 'table' AND NOT name = 'sqlite_sequence'
  [1m[36mSQL (0.1ms)[0m  [1mSELECT "schema_migrations"."version" FROM "schema_migrations"[0m
Migrating to AddImageToFiledisplay (20110520213437)
  [1m[35mSQL (0.1ms)[0m  select sqlite_version(*)
  [1m[36mSQL (0.1ms)[0m  [1mALTER TABLE "filedisplays" ADD "image" varchar(255)[0m
SQLite3::SQLException: no such table: filedisplays: ALTER TABLE "filedisplays" ADD "image" varchar(255)
  [1m[36mSQL (0.4ms)[0m  [1m SELECT name
 FROM sqlite_master
 WHERE type = 'table' AND NOT name = 'sqlite_sequence'
[0m
  [1m[35mSQL (0.1ms)[0m   SELECT name
 FROM sqlite_master
 WHERE type = 'table' AND NOT name = 'sqlite_sequence'
  [1m[36mSQL (0.1ms)[0m  [1mSELECT "schema_migrations"."version" FROM "schema_migrations"[0m
Migrating to AddImageToFiles (20110520214109)
  [1m[35mSQL (0.1ms)[0m  select sqlite_version(*)
  [1m[36mSQL (0.1ms)[0m  [1mALTER TABLE "files" ADD "image" varchar(255)[0m
SQLite3::SQLException: no such table: files: ALTER TABLE "files" ADD "image" varchar(255)
  [1m[36mSQL (0.4ms)[0m  [1m SELECT name
 FROM sqlite_master
 WHERE type = 'table' AND NOT name = 'sqlite_sequence'
[0m
  [1m[35mSQL (0.1ms)[0m   SELECT name
 FROM sqlite_master
 WHERE type = 'table' AND NOT name = 'sqlite_sequence'
  [1m[36mSQL (0.1ms)[0m  [1mSELECT "schema_migrations"."version" FROM "schema_migrations"[0m
Migrating to AddImageToFiles (20110520214109)
  [1m[35mSQL (0.1ms)[0m  select sqlite_version(*)
  [1m[36mSQL (0.2ms)[0m  [1mALTER TABLE "files" ADD "image" varchar(255)[0m
SQLite3::SQLException: no such table: files: ALTER TABLE "files" ADD "image" varchar(255)
